<?xml version="1.0" encoding="UTF-8"?>
<!-- Generated by org.testng.reporters.JUnitReportReporter -->
<testsuite hostname="LAPTOP-70INTCVL" failures="0" tests="1" name="Begineer.Appium.SwipeDemo" time="5.611" errors="0" timestamp="2022-10-07T04:04:40 GMT-07:00" skipped="0">
  <testcase classname="Begineer.Appium.SwipeDemo" name="SwipeDemoTest" time="5.611"/>
  <system-out/>
</testsuite> <!-- Begineer.Appium.SwipeDemo -->
