<?xml version="1.0" encoding="UTF-8"?>
<!-- Generated by org.testng.reporters.JUnitReportReporter -->
<testsuite hostname="LAPTOP-70INTCVL" failures="0" tests="1" name="Begineer.Appium.MisceallllanousAppiumActions" time="15.571" errors="0" timestamp="2022-10-07T05:38:12 GMT-07:00" skipped="0">
  <testcase classname="Begineer.Appium.MisceallllanousAppiumActions" name="wifiSettingName" time="15.571"/>
  <system-out/>
</testsuite> <!-- Begineer.Appium.MisceallllanousAppiumActions -->
