<?xml version="1.0" encoding="UTF-8"?>
<!-- Generated by org.testng.reporters.JUnitReportReporter -->
<testsuite hostname="LAPTOP-70INTCVL" failures="0" tests="1" name="Begineer.Appium.DragDropDemo" time="11.708" errors="0" timestamp="2022-10-07T04:25:49 GMT-07:00" skipped="0">
  <testcase classname="Begineer.Appium.DragDropDemo" name="DragDropDemoTest" time="11.708"/>
  <system-out/>
</testsuite> <!-- Begineer.Appium.DragDropDemo -->
