<?xml version="1.0" encoding="UTF-8"?>
<!-- Generated by org.testng.reporters.JUnitReportReporter -->
<testsuite hostname="LAPTOP-70INTCVL" failures="0" tests="1" name="Begineer.Appium.LongPress" time="9.041" errors="0" timestamp="2022-10-06T09:16:05 GMT-07:00" skipped="0">
  <testcase classname="Begineer.Appium.LongPress" name="LongPressGesture" time="9.041"/>
  <system-out/>
</testsuite> <!-- Begineer.Appium.LongPress -->
