<?xml version="1.0" encoding="UTF-8"?>
<!-- Generated by org.testng.reporters.JUnitReportReporter -->
<testsuite hostname="LAPTOP-70INTCVL" failures="0" tests="1" name="Begineer.Appium.ScrollDemo" time="35.809" errors="0" timestamp="2022-10-07T03:43:06 GMT-07:00" skipped="0">
  <testcase classname="Begineer.Appium.ScrollDemo" name="ScrollDemoTest" time="35.809"/>
  <system-out/>
</testsuite> <!-- Begineer.Appium.ScrollDemo -->
