<?xml version="1.0" encoding="UTF-8"?>
<!-- Generated by org.testng.reporters.JUnitReportReporter -->
<testsuite hostname="LAPTOP-70INTCVL" failures="0" tests="1" name="Begineer.Appium.AppiumBasics" time="13.651" errors="0" timestamp="2024-10-16T21:41:06 IST" skipped="0">
  <testcase classname="Begineer.Appium.AppiumBasics" name="wifiSettingName" time="13.651"/>
</testsuite> <!-- Begineer.Appium.AppiumBasics -->
